16:36:57 (22590) INFO ConfigReader Using stryker.conf.js in the current working directory.
16:36:58 (22590) DEBUG BroadcastReporter Broadcasting to reporters ["clear-text","progress"]
16:36:57 (22590) DEBUG ConfigReader Loading config stryker.conf.js
16:36:57 (22590) DEBUG ConfigReader Loaded config: {
  "mutate": [
    "./components/**/*.test.js"
  ],
  "logLevel": "trace",
  "fileLogLevel": "debug",
  "timeoutMS": 5000,
  "timeoutFactor": 1.5,
  "plugins": [
    "@stryker-mutator/*"
  ],
  "reporters": [
    "clear-text",
    "progress"
  ],
  "coverageAnalysis": "perTest",
  "testRunner": "mocha",
  "mutator": "javascript",
  "transpilers": [],
  "maxConcurrentTestRunners": null,
  "symlinkNodeModules": true,
  "thresholds": {
    "break": null,
    "high": 80,
    "low": 60
  },
  "allowConsoleColors": true,
  "dashboard": {
    "baseUrl": "https://dashboard.stryker-mutator.io/api/reports",
    "reportType": "mutationScore"
  },
  "tempDirName": ".stryker-tmp",
  "packageManager": "npm",
  "testFramework": "mocha",
  "mochaOptions": {
    "spec": [
      "./components/**/*.test.js"
    ],
    "opts": "./test/mocha.opts"
  },
  "configFile": "stryker.conf.js"
}
16:36:57 (22590) DEBUG PluginLoader Loading @stryker-mutator/* from /home/jlima/Documentos/Projects/personal/stryker-example/node_modules/@stryker-mutator
16:36:57 (22590) DEBUG PluginLoader Loading plugin "/home/jlima/Documentos/Projects/personal/stryker-example/node_modules/@stryker-mutator/html-reporter" (matched with expression @stryker-mutator/*)
16:36:57 (22590) DEBUG PluginLoader Loading plugin "/home/jlima/Documentos/Projects/personal/stryker-example/node_modules/@stryker-mutator/javascript-mutator" (matched with expression @stryker-mutator/*)
16:36:57 (22590) DEBUG PluginLoader Loading plugin "/home/jlima/Documentos/Projects/personal/stryker-example/node_modules/@stryker-mutator/mocha-framework" (matched with expression @stryker-mutator/*)
16:36:57 (22590) DEBUG PluginLoader Loading plugin "/home/jlima/Documentos/Projects/personal/stryker-example/node_modules/@stryker-mutator/mocha-runner" (matched with expression @stryker-mutator/*)
16:36:57 (22590) DEBUG PluginLoader Loading plugins /home/jlima/Documentos/Projects/personal/stryker-example/node_modules/@stryker-mutator/html-reporter
16:36:57 (22590) DEBUG PluginLoader Loading plugins /home/jlima/Documentos/Projects/personal/stryker-example/node_modules/@stryker-mutator/javascript-mutator
16:36:57 (22590) DEBUG PluginLoader Loading plugins /home/jlima/Documentos/Projects/personal/stryker-example/node_modules/@stryker-mutator/mocha-framework
16:36:57 (22590) DEBUG PluginLoader Loading plugins /home/jlima/Documentos/Projects/personal/stryker-example/node_modules/@stryker-mutator/mocha-runner
16:36:57 (22590) DEBUG PluginLoader Loading plugins /home/jlima/Documentos/Projects/personal/stryker-example/node_modules/@stryker-mutator/core/src/reporters/index.js
16:36:58 (22590) DEBUG MochaOptionsLoader Mocha >= 6 detected. Using mocha's `loadOptions` to load mocha options
16:36:58 (22590) DEBUG MochaOptionsLoader Loaded options: {
  "timeout": "50000",
  "require": [
    "ts-node/register",
    "./test/MochaBootstrap.js",
    "./test/mocha.env.js"
  ],
  "extension": [
    "js"
  ],
  "ui": "bdd",
  "spec": [
    "./components/**/*.test.js"
  ]
}
16:36:58 (22590) INFO InputFileResolver Found 1 of 10 file(s) to be mutated.
16:36:58 (22590) DEBUG InputFileResolver All input files: [
  "/home/jlima/Documentos/Projects/personal/stryker-example/stryker.conf.js",
  "/home/jlima/Documentos/Projects/personal/stryker-example/stryker.log",
  "/home/jlima/Documentos/Projects/personal/stryker-example/.gitignore",
  "/home/jlima/Documentos/Projects/personal/stryker-example/components/example/domain/_tests/domain-example.test.js",
  "/home/jlima/Documentos/Projects/personal/stryker-example/components/example/domain/domain-example.js",
  "/home/jlima/Documentos/Projects/personal/stryker-example/package-lock.json",
  "/home/jlima/Documentos/Projects/personal/stryker-example/package.json",
  "/home/jlima/Documentos/Projects/personal/stryker-example/test/MochaBootstrap.js",
  "/home/jlima/Documentos/Projects/personal/stryker-example/test/mocha.env.js",
  "/home/jlima/Documentos/Projects/personal/stryker-example/test/mocha.opts"
]
16:36:58 (22590) DEBUG InputFileResolver Files to mutate: [
  "/home/jlima/Documentos/Projects/personal/stryker-example/components/example/domain/_tests/domain-example.test.js"
]
16:36:58 (22590) DEBUG TemporaryDirectory Using temp directory "/home/jlima/Documentos/Projects/personal/stryker-example/.stryker-tmp"
16:36:58 (22590) DEBUG TestFrameworkOrchestrator Using testFramework mocha based on `testFramework` setting
16:36:58 (22590) INFO InitialTestExecutor Starting initial test run. This may take a while.
16:36:58 (22590) DEBUG Sandbox Creating a sandbox for files in /home/jlima/Documentos/Projects/personal/stryker-example/.stryker-tmp/sandbox106643
16:36:58 (22590) DEBUG Sandbox Creating test runner 0
16:36:58 (22590) DEBUG ChildProcessProxy Starting /home/jlima/Documentos/Projects/personal/stryker-example/node_modules/@stryker-mutator/core/src/test-runner/ChildProcessTestRunnerWorker.js in child process 22604
16:36:58 (22604) DEBUG ChildProcessProxyWorker Changing current working directory for this process to /home/jlima/Documentos/Projects/personal/stryker-example/.stryker-tmp/sandbox106643
16:36:58 (22604) DEBUG PluginLoader Loading @stryker-mutator/* from /home/jlima/Documentos/Projects/personal/stryker-example/node_modules/@stryker-mutator
16:36:58 (22604) DEBUG PluginLoader Loading plugin "/home/jlima/Documentos/Projects/personal/stryker-example/node_modules/@stryker-mutator/html-reporter" (matched with expression @stryker-mutator/*)
16:36:58 (22604) DEBUG PluginLoader Loading plugin "/home/jlima/Documentos/Projects/personal/stryker-example/node_modules/@stryker-mutator/javascript-mutator" (matched with expression @stryker-mutator/*)
16:36:58 (22604) DEBUG PluginLoader Loading plugin "/home/jlima/Documentos/Projects/personal/stryker-example/node_modules/@stryker-mutator/mocha-framework" (matched with expression @stryker-mutator/*)
16:36:58 (22604) DEBUG PluginLoader Loading plugin "/home/jlima/Documentos/Projects/personal/stryker-example/node_modules/@stryker-mutator/mocha-runner" (matched with expression @stryker-mutator/*)
16:36:58 (22604) DEBUG PluginLoader Loading plugins /home/jlima/Documentos/Projects/personal/stryker-example/node_modules/@stryker-mutator/html-reporter
16:36:58 (22604) DEBUG PluginLoader Loading plugins /home/jlima/Documentos/Projects/personal/stryker-example/node_modules/@stryker-mutator/javascript-mutator
16:36:58 (22604) DEBUG PluginLoader Loading plugins /home/jlima/Documentos/Projects/personal/stryker-example/node_modules/@stryker-mutator/mocha-framework
16:36:58 (22604) DEBUG PluginLoader Loading plugins /home/jlima/Documentos/Projects/personal/stryker-example/node_modules/@stryker-mutator/mocha-runner
16:36:58 (22604) DEBUG PluginLoader Loading plugins /home/jlima/Documentos/Projects/personal/stryker-example/node_modules/@stryker-mutator/core/src/reporters/index.js
16:36:58 (22604) DEBUG MochaTestRunner Mocha >= 6 detected. Using mocha's `handleFiles` to load files
16:36:58 (22590) DEBUG InitialTestExecutor Adding test hooks for coverageAnalysis "perTest".
16:36:58 (22590) DEBUG TimeoutDecorator Starting timeout timer (300000 ms) for a test run
16:36:58 (22604) DEBUG MochaTestRunner Starting Mocha test run
16:36:58 (22604) DEBUG MochaTestRunner Mocha test run completed: 1/1 passed
16:36:58 (22590) DEBUG ChildProcessProxy Disposing of worker process 22604
16:36:58 (22590) DEBUG ChildProcessProxy Kill 22604
16:36:58 (22590) INFO InitialTestExecutor Initial test run succeeded. Ran 1 tests in 0 seconds (net 3 ms, overhead 10 ms).
16:36:58 (22590) DEBUG BabelParser Using options {"plugins":["asyncGenerators","bigInt","classProperties","dynamicImport","flow","jsx","objectRestSpread",["decorators",{"decoratorsBeforeExport":true}]],"sourceType":"unambiguous"}
16:36:58 (22590) INFO MutatorFacade 7 Mutant(s) generated
16:36:58 (22590) INFO SandboxPool Creating 8 test runners (based on CPU count)
16:36:58 (22590) DEBUG Sandbox Creating a sandbox for files in /home/jlima/Documentos/Projects/personal/stryker-example/.stryker-tmp/sandbox7085283
16:36:58 (22590) DEBUG Sandbox Creating a sandbox for files in /home/jlima/Documentos/Projects/personal/stryker-example/.stryker-tmp/sandbox466029
16:36:58 (22590) DEBUG Sandbox Creating test runner 1
16:36:58 (22590) DEBUG ChildProcessProxy Starting /home/jlima/Documentos/Projects/personal/stryker-example/node_modules/@stryker-mutator/core/src/test-runner/ChildProcessTestRunnerWorker.js in child process 22624
16:36:58 (22590) DEBUG Sandbox Creating test runner 0
16:36:58 (22590) DEBUG ChildProcessProxy Starting /home/jlima/Documentos/Projects/personal/stryker-example/node_modules/@stryker-mutator/core/src/test-runner/ChildProcessTestRunnerWorker.js in child process 22630
16:36:59 (22590) DEBUG Sandbox Creating a sandbox for files in /home/jlima/Documentos/Projects/personal/stryker-example/.stryker-tmp/sandbox813732
16:36:58 (22624) DEBUG ChildProcessProxyWorker Changing current working directory for this process to /home/jlima/Documentos/Projects/personal/stryker-example/.stryker-tmp/sandbox466029
16:36:58 (22624) DEBUG PluginLoader Loading @stryker-mutator/* from /home/jlima/Documentos/Projects/personal/stryker-example/node_modules/@stryker-mutator
16:36:58 (22624) DEBUG PluginLoader Loading plugin "/home/jlima/Documentos/Projects/personal/stryker-example/node_modules/@stryker-mutator/html-reporter" (matched with expression @stryker-mutator/*)
16:36:58 (22624) DEBUG PluginLoader Loading plugin "/home/jlima/Documentos/Projects/personal/stryker-example/node_modules/@stryker-mutator/javascript-mutator" (matched with expression @stryker-mutator/*)
16:36:58 (22624) DEBUG PluginLoader Loading plugin "/home/jlima/Documentos/Projects/personal/stryker-example/node_modules/@stryker-mutator/mocha-framework" (matched with expression @stryker-mutator/*)
16:36:58 (22624) DEBUG PluginLoader Loading plugin "/home/jlima/Documentos/Projects/personal/stryker-example/node_modules/@stryker-mutator/mocha-runner" (matched with expression @stryker-mutator/*)
16:36:58 (22624) DEBUG PluginLoader Loading plugins /home/jlima/Documentos/Projects/personal/stryker-example/node_modules/@stryker-mutator/html-reporter
16:36:58 (22624) DEBUG PluginLoader Loading plugins /home/jlima/Documentos/Projects/personal/stryker-example/node_modules/@stryker-mutator/javascript-mutator
16:36:59 (22624) DEBUG PluginLoader Loading plugins /home/jlima/Documentos/Projects/personal/stryker-example/node_modules/@stryker-mutator/mocha-framework
16:36:59 (22624) DEBUG PluginLoader Loading plugins /home/jlima/Documentos/Projects/personal/stryker-example/node_modules/@stryker-mutator/mocha-runner
16:36:59 (22624) DEBUG PluginLoader Loading plugins /home/jlima/Documentos/Projects/personal/stryker-example/node_modules/@stryker-mutator/core/src/reporters/index.js
16:36:59 (22624) DEBUG MochaTestRunner Mocha >= 6 detected. Using mocha's `handleFiles` to load files
16:36:59 (22590) DEBUG Sandbox Creating a sandbox for files in /home/jlima/Documentos/Projects/personal/stryker-example/.stryker-tmp/sandbox3114088
16:36:59 (22590) DEBUG TimeoutDecorator Starting timeout timer (5014.5 ms) for a test run
16:36:58 (22630) DEBUG ChildProcessProxyWorker Changing current working directory for this process to /home/jlima/Documentos/Projects/personal/stryker-example/.stryker-tmp/sandbox7085283
16:36:58 (22630) DEBUG PluginLoader Loading @stryker-mutator/* from /home/jlima/Documentos/Projects/personal/stryker-example/node_modules/@stryker-mutator
16:36:58 (22630) DEBUG PluginLoader Loading plugin "/home/jlima/Documentos/Projects/personal/stryker-example/node_modules/@stryker-mutator/html-reporter" (matched with expression @stryker-mutator/*)
16:36:58 (22630) DEBUG PluginLoader Loading plugin "/home/jlima/Documentos/Projects/personal/stryker-example/node_modules/@stryker-mutator/javascript-mutator" (matched with expression @stryker-mutator/*)
16:36:58 (22630) DEBUG PluginLoader Loading plugin "/home/jlima/Documentos/Projects/personal/stryker-example/node_modules/@stryker-mutator/mocha-framework" (matched with expression @stryker-mutator/*)
16:36:58 (22630) DEBUG PluginLoader Loading plugin "/home/jlima/Documentos/Projects/personal/stryker-example/node_modules/@stryker-mutator/mocha-runner" (matched with expression @stryker-mutator/*)
16:36:58 (22630) DEBUG PluginLoader Loading plugins /home/jlima/Documentos/Projects/personal/stryker-example/node_modules/@stryker-mutator/html-reporter
16:36:58 (22630) DEBUG PluginLoader Loading plugins /home/jlima/Documentos/Projects/personal/stryker-example/node_modules/@stryker-mutator/javascript-mutator
16:36:59 (22630) DEBUG PluginLoader Loading plugins /home/jlima/Documentos/Projects/personal/stryker-example/node_modules/@stryker-mutator/mocha-framework
16:36:59 (22590) DEBUG TimeoutDecorator Starting timeout timer (5014.5 ms) for a test run
16:36:59 (22590) DEBUG Sandbox Creating test runner 2
16:36:59 (22590) DEBUG ChildProcessProxy Starting /home/jlima/Documentos/Projects/personal/stryker-example/node_modules/@stryker-mutator/core/src/test-runner/ChildProcessTestRunnerWorker.js in child process 22660
16:36:59 (22630) DEBUG PluginLoader Loading plugins /home/jlima/Documentos/Projects/personal/stryker-example/node_modules/@stryker-mutator/mocha-runner
16:36:59 (22630) DEBUG PluginLoader Loading plugins /home/jlima/Documentos/Projects/personal/stryker-example/node_modules/@stryker-mutator/core/src/reporters/index.js
16:36:59 (22630) DEBUG MochaTestRunner Mocha >= 6 detected. Using mocha's `handleFiles` to load files
16:36:59 (22630) DEBUG MochaTestRunner Starting Mocha test run
16:36:59 (22590) DEBUG Sandbox Creating test runner 3
16:36:59 (22590) DEBUG ChildProcessProxy Starting /home/jlima/Documentos/Projects/personal/stryker-example/node_modules/@stryker-mutator/core/src/test-runner/ChildProcessTestRunnerWorker.js in child process 22666
16:36:59 (22630) DEBUG MochaTestRunner Mocha test run completed: 1/1 passed
16:36:59 (22590) DEBUG Sandbox A runtime error occurred: TypeError [ERR_INVALID_ARG_VALUE]: ERR_INVALID_ARG_VALUE (undefined) TypeError [ERR_INVALID_ARG_VALUE]: The argument 'id' must be a non-empty string. Received ''
    at Module.require (internal/modules/cjs/loader.js:633:11)
    at require (internal/modules/cjs/helpers.js:20:18)
    at Object.<anonymous> (/home/jlima/Documentos/Projects/personal/stryker-example/.stryker-tmp/sandbox466029/components/example/domain/_tests/domain-example.test.js:1:20)
    at Module._compile (internal/modules/cjs/loader.js:688:30)
    at Object.Module._extensions..js (internal/modules/cjs/loader.js:699:10)
    at Module.load (internal/modules/cjs/loader.js:598:32)
    at tryModuleLoad (internal/modules/cjs/loader.js:537:12)
    at Function.Module._load (internal/modules/cjs/loader.js:529:3)
    at Module.require (internal/modules/cjs/loader.js:636:17)
    at require (internal/modules/cjs/helpers.js:20:18) during execution of mutant: StringLiteral: ("") file:///home/jlima/Documentos/Projects/personal/stryker-example/components/example/domain/_tests/domain-example.test.js:1:27
16:36:59 (22590) DEBUG TimeoutDecorator Starting timeout timer (5014.5 ms) for a test run
16:36:59 (22590) DEBUG TimeoutDecorator Starting timeout timer (5014.5 ms) for a test run
16:36:59 (22630) DEBUG MochaTestRunner Starting Mocha test run
16:36:59 (22630) DEBUG MochaTestRunner Mocha test run completed: 1/1 passed
16:36:59 (22590) DEBUG TimeoutDecorator Starting timeout timer (5014.5 ms) for a test run
16:36:59 (22624) DEBUG MochaTestRunner Starting Mocha test run
16:36:59 (22624) DEBUG MochaTestRunner Mocha test run completed: 0/0 passed
16:36:59 (22630) DEBUG MochaTestRunner Starting Mocha test run
16:36:59 (22630) DEBUG MochaTestRunner Mocha test run completed: 0/0 passed
16:36:59 (22590) DEBUG TimeoutDecorator Starting timeout timer (5014.5 ms) for a test run
16:36:59 (22590) DEBUG TimeoutDecorator Starting timeout timer (5014.5 ms) for a test run
16:36:59 (22630) DEBUG MochaTestRunner Starting Mocha test run
16:36:59 (22630) DEBUG MochaTestRunner Mocha test run completed: 1/1 passed
16:36:59 (22624) DEBUG MochaTestRunner Starting Mocha test run
16:36:59 (22624) DEBUG MochaTestRunner Mocha test run completed: 1/1 passed
16:36:59 (22590) DEBUG ClearTextReporter [1m[33mMutant caused a runtime error![39m[22m
16:36:59 (22590) DEBUG ClearTextReporter 0. [RuntimeError] StringLiteral
16:36:59 (22590) DEBUG ClearTextReporter [36m/home/jlima/Documentos/Projects/personal/stryker-example/components/example/domain/_tests/domain-example.test.js[39m:[33m0[39m:[33m27[39m
16:36:59 (22590) DEBUG ClearTextReporter [31m-   const Calculator = require('../domain-example');[39m
16:36:59 (22590) DEBUG ClearTextReporter [32m+   const Calculator = require("");[39m
16:36:59 (22590) DEBUG ClearTextReporter 
16:36:59 (22590) DEBUG ScoreResultCalculator No breaking threshold configured. Won't fail the build no matter how low your mutation score is. Set `thresholds.break` to change this behavior.
16:36:59 (22590) INFO Stryker Done in 1 second.
16:36:59 (22660) DEBUG ChildProcessProxyWorker Changing current working directory for this process to /home/jlima/Documentos/Projects/personal/stryker-example/.stryker-tmp/sandbox813732
16:36:59 (22660) DEBUG PluginLoader Loading @stryker-mutator/* from /home/jlima/Documentos/Projects/personal/stryker-example/node_modules/@stryker-mutator
16:36:59 (22660) DEBUG PluginLoader Loading plugin "/home/jlima/Documentos/Projects/personal/stryker-example/node_modules/@stryker-mutator/html-reporter" (matched with expression @stryker-mutator/*)
16:36:59 (22660) DEBUG PluginLoader Loading plugin "/home/jlima/Documentos/Projects/personal/stryker-example/node_modules/@stryker-mutator/javascript-mutator" (matched with expression @stryker-mutator/*)
16:36:59 (22660) DEBUG PluginLoader Loading plugin "/home/jlima/Documentos/Projects/personal/stryker-example/node_modules/@stryker-mutator/mocha-framework" (matched with expression @stryker-mutator/*)
16:36:59 (22660) DEBUG PluginLoader Loading plugin "/home/jlima/Documentos/Projects/personal/stryker-example/node_modules/@stryker-mutator/mocha-runner" (matched with expression @stryker-mutator/*)
16:36:59 (22660) DEBUG PluginLoader Loading plugins /home/jlima/Documentos/Projects/personal/stryker-example/node_modules/@stryker-mutator/html-reporter
16:36:59 (22660) DEBUG PluginLoader Loading plugins /home/jlima/Documentos/Projects/personal/stryker-example/node_modules/@stryker-mutator/javascript-mutator
16:36:59 (22660) DEBUG PluginLoader Loading plugins /home/jlima/Documentos/Projects/personal/stryker-example/node_modules/@stryker-mutator/mocha-framework
16:36:59 (22660) DEBUG PluginLoader Loading plugins /home/jlima/Documentos/Projects/personal/stryker-example/node_modules/@stryker-mutator/mocha-runner
16:36:59 (22660) DEBUG PluginLoader Loading plugins /home/jlima/Documentos/Projects/personal/stryker-example/node_modules/@stryker-mutator/core/src/reporters/index.js
16:37:00 (22660) DEBUG MochaTestRunner Mocha >= 6 detected. Using mocha's `handleFiles` to load files
16:37:00 (22590) DEBUG ChildProcessProxy Disposing of worker process 22624
16:37:00 (22590) DEBUG ChildProcessProxy Disposing of worker process 22630
16:37:00 (22590) DEBUG ChildProcessProxy Disposing of worker process 22660
16:36:59 (22666) DEBUG ChildProcessProxyWorker Changing current working directory for this process to /home/jlima/Documentos/Projects/personal/stryker-example/.stryker-tmp/sandbox3114088
16:36:59 (22666) DEBUG PluginLoader Loading @stryker-mutator/* from /home/jlima/Documentos/Projects/personal/stryker-example/node_modules/@stryker-mutator
16:36:59 (22666) DEBUG PluginLoader Loading plugin "/home/jlima/Documentos/Projects/personal/stryker-example/node_modules/@stryker-mutator/html-reporter" (matched with expression @stryker-mutator/*)
16:36:59 (22666) DEBUG PluginLoader Loading plugin "/home/jlima/Documentos/Projects/personal/stryker-example/node_modules/@stryker-mutator/javascript-mutator" (matched with expression @stryker-mutator/*)
16:36:59 (22666) DEBUG PluginLoader Loading plugin "/home/jlima/Documentos/Projects/personal/stryker-example/node_modules/@stryker-mutator/mocha-framework" (matched with expression @stryker-mutator/*)
16:36:59 (22666) DEBUG PluginLoader Loading plugin "/home/jlima/Documentos/Projects/personal/stryker-example/node_modules/@stryker-mutator/mocha-runner" (matched with expression @stryker-mutator/*)
16:36:59 (22666) DEBUG PluginLoader Loading plugins /home/jlima/Documentos/Projects/personal/stryker-example/node_modules/@stryker-mutator/html-reporter
16:36:59 (22666) DEBUG PluginLoader Loading plugins /home/jlima/Documentos/Projects/personal/stryker-example/node_modules/@stryker-mutator/javascript-mutator
16:36:59 (22666) DEBUG PluginLoader Loading plugins /home/jlima/Documentos/Projects/personal/stryker-example/node_modules/@stryker-mutator/mocha-framework
16:37:00 (22590) DEBUG ChildProcessProxy Kill 22624
16:36:59 (22666) DEBUG PluginLoader Loading plugins /home/jlima/Documentos/Projects/personal/stryker-example/node_modules/@stryker-mutator/mocha-runner
16:36:59 (22666) DEBUG PluginLoader Loading plugins /home/jlima/Documentos/Projects/personal/stryker-example/node_modules/@stryker-mutator/core/src/reporters/index.js
16:37:00 (22666) DEBUG MochaTestRunner Mocha >= 6 detected. Using mocha's `handleFiles` to load files
16:37:00 (22590) DEBUG ChildProcessProxy Kill 22630
16:37:00 (22590) DEBUG ChildProcessProxy Kill 22660
16:37:00 (22590) DEBUG ChildProcessProxy Disposing of worker process 22666
16:37:00 (22590) DEBUG ChildProcessProxy Kill 22666
